1659731692446	geckodriver	INFO	Listening on 127.0.0.1:52476
1659731695494	mozrunner::runner	INFO	Running command: "C:\\Program Files\\Mozilla Firefox\\firefox.exe" "--marionette" "--remote-debugging-port" "52477" "--remote-allow-hosts" "localhost" "-no-remote" "-profile" "C:\\Users\\AKOLCH~1\\AppData\\Local\\Temp\\rust_mozprofileTB0qs8"
1659731695790	Marionette	INFO	Marionette enabled
1659731695794	Marionette	INFO	Listening on port 52492
WebDriver BiDi listening on ws://localhost:52477
Read port: 52492
1659731695899	RemoteAgent	WARN	TLS certificate errors will be ignored for this session
console.warn: SearchSettings: "get: No settings file exists, new profile?" (new NotFoundError("Could not open the file at C:\\Users\\AKOLCH~1\\AppData\\Local\\Temp\\rust_mozprofileTB0qs8\\search.json.mozlz4", (void 0)))
DevTools listening on ws://localhost:52477/devtools/browser/09df7418-c702-466e-9582-2938cf58357b
1659731697366	Marionette	INFO	Stopped listening on port 52492
1659731791458	geckodriver	INFO	Listening on 127.0.0.1:52753
1659731794499	mozrunner::runner	INFO	Running command: "C:\\Program Files\\Mozilla Firefox\\firefox.exe" "--marionette" "--remote-debugging-port" "52754" "--remote-allow-hosts" "localhost" "-no-remote" "-profile" "C:\\Users\\AKOLCH~1\\AppData\\Local\\Temp\\rust_mozprofile8RIJ19"
1659731794762	Marionette	INFO	Marionette enabled
1659731794768	Marionette	INFO	Listening on port 52768
WebDriver BiDi listening on ws://localhost:52754
Read port: 52768
1659731794963	RemoteAgent	WARN	TLS certificate errors will be ignored for this session
console.warn: SearchSettings: "get: No settings file exists, new profile?" (new NotFoundError("Could not open the file at C:\\Users\\AKOLCH~1\\AppData\\Local\\Temp\\rust_mozprofile8RIJ19\\search.json.mozlz4", (void 0)))
DevTools listening on ws://localhost:52754/devtools/browser/cbb1b267-ee75-42d0-ae03-786208496c78
1659731796267	Marionette	INFO	Stopped listening on port 52768
1659731807375	geckodriver	INFO	Listening on 127.0.0.1:52827
1659731810433	mozrunner::runner	INFO	Running command: "C:\\Program Files\\Mozilla Firefox\\firefox.exe" "--marionette" "--remote-debugging-port" "52828" "--remote-allow-hosts" "localhost" "-no-remote" "-profile" "C:\\Users\\AKOLCH~1\\AppData\\Local\\Temp\\rust_mozprofileZ68boD"
1659731810694	Marionette	INFO	Marionette enabled
1659731810700	Marionette	INFO	Listening on port 52843
WebDriver BiDi listening on ws://localhost:52828
Read port: 52843
1659731810895	RemoteAgent	WARN	TLS certificate errors will be ignored for this session
console.warn: SearchSettings: "get: No settings file exists, new profile?" (new NotFoundError("Could not open the file at C:\\Users\\AKOLCH~1\\AppData\\Local\\Temp\\rust_mozprofileZ68boD\\search.json.mozlz4", (void 0)))
DevTools listening on ws://localhost:52828/devtools/browser/d28fccc1-4493-4c3e-ad8d-014376e45c39
1659731812235	Marionette	INFO	Stopped listening on port 52843
1659731861434	geckodriver	INFO	Listening on 127.0.0.1:53001
1659731864491	mozrunner::runner	INFO	Running command: "C:\\Program Files\\Mozilla Firefox\\firefox.exe" "--marionette" "--remote-debugging-port" "53002" "--remote-allow-hosts" "localhost" "-no-remote" "-profile" "C:\\Users\\AKOLCH~1\\AppData\\Local\\Temp\\rust_mozprofilefJQiyR"
1659731864751	Marionette	INFO	Marionette enabled
1659731864757	Marionette	INFO	Listening on port 53040
WebDriver BiDi listening on ws://localhost:53002
Read port: 53040
1659731864952	RemoteAgent	WARN	TLS certificate errors will be ignored for this session
console.warn: SearchSettings: "get: No settings file exists, new profile?" (new NotFoundError("Could not open the file at C:\\Users\\AKOLCH~1\\AppData\\Local\\Temp\\rust_mozprofilefJQiyR\\search.json.mozlz4", (void 0)))
DevTools listening on ws://localhost:53002/devtools/browser/248faeee-ddfa-46ae-89df-794198678db8
1659731866199	Marionette	INFO	Stopped listening on port 53040
console.error: services.settings: 
  main/query-stripping Signature failed  TypeError: NetworkError: Network request failed
1659731890856	geckodriver	INFO	Listening on 127.0.0.1:53152
1659731893934	mozrunner::runner	INFO	Running command: "C:\\Program Files\\Mozilla Firefox\\firefox.exe" "--marionette" "--remote-debugging-port" "53153" "--remote-allow-hosts" "localhost" "-no-remote" "-profile" "C:\\Users\\AKOLCH~1\\AppData\\Local\\Temp\\rust_mozprofileMq43SE"
1659731894194	Marionette	INFO	Marionette enabled
1659731894199	Marionette	INFO	Listening on port 53170
WebDriver BiDi listening on ws://localhost:53153
Read port: 53170
1659731894397	RemoteAgent	WARN	TLS certificate errors will be ignored for this session
console.warn: SearchSettings: "get: No settings file exists, new profile?" (new NotFoundError("Could not open the file at C:\\Users\\AKOLCH~1\\AppData\\Local\\Temp\\rust_mozprofileMq43SE\\search.json.mozlz4", (void 0)))
DevTools listening on ws://localhost:53153/devtools/browser/bbf207ed-d5d9-40f6-8f77-c299b485b907
1659731895726	Marionette	INFO	Stopped listening on port 53170
1659774414609	geckodriver	INFO	Listening on 127.0.0.1:63104
1659774417674	mozrunner::runner	INFO	Running command: "C:\\Program Files\\Mozilla Firefox\\firefox.exe" "--marionette" "-no-remote" "-profile" "C:\\Users\\AKOLCH~1\\AppData\\Local\\Temp\\rust_mozprofileIqKJeJ"
1659774418099	Marionette	INFO	Marionette enabled
1659774418105	Marionette	INFO	Listening on port 63127
Read port: 63127
1659774418364	RemoteAgent	WARN	TLS certificate errors will be ignored for this session
console.warn: SearchSettings: "get: No settings file exists, new profile?" (new NotFoundError("Could not open the file at C:\\Users\\AKOLCH~1\\AppData\\Local\\Temp\\rust_mozprofileIqKJeJ\\search.json.mozlz4", (void 0)))
console.warn: LoginRecipes: "getRecipes: falling back to a synchronous message for:" "http://localhost"
console.warn: LoginRecipes: "getRecipes: falling back to a synchronous message for:" "http://localhost"
1659774449712	Marionette	INFO	Stopped listening on port 63127
1659774569250	geckodriver	INFO	Listening on 127.0.0.1:63508
1659774572318	mozrunner::runner	INFO	Running command: "C:\\Program Files\\Mozilla Firefox\\firefox.exe" "--marionette" "-no-remote" "-profile" "C:\\Users\\AKOLCH~1\\AppData\\Local\\Temp\\rust_mozprofileI6j3u8"
1659774572570	Marionette	INFO	Marionette enabled
1659774572574	Marionette	INFO	Listening on port 63532
Read port: 63532
1659774572805	RemoteAgent	WARN	TLS certificate errors will be ignored for this session
console.warn: SearchSettings: "get: No settings file exists, new profile?" (new NotFoundError("Could not open the file at C:\\Users\\AKOLCH~1\\AppData\\Local\\Temp\\rust_mozprofileI6j3u8\\search.json.mozlz4", (void 0)))
console.warn: LoginRecipes: "getRecipes: falling back to a synchronous message for:" "http://localhost"
console.warn: LoginRecipes: "getRecipes: falling back to a synchronous message for:" "http://localhost"
1659774604194	Marionette	INFO	Stopped listening on port 63532
1659775531753	geckodriver	INFO	Listening on 127.0.0.1:49833
1659775534820	mozrunner::runner	INFO	Running command: "C:\\Program Files\\Mozilla Firefox\\firefox.exe" "--marionette" "-no-remote" "-profile" "C:\\Users\\AKOLCH~1\\AppData\\Local\\Temp\\rust_mozprofile1ZJYRt"
1659775535074	Marionette	INFO	Marionette enabled
1659775535079	Marionette	INFO	Listening on port 49850
Read port: 49850
1659775535315	RemoteAgent	WARN	TLS certificate errors will be ignored for this session
console.warn: SearchSettings: "get: No settings file exists, new profile?" (new NotFoundError("Could not open the file at C:\\Users\\AKOLCH~1\\AppData\\Local\\Temp\\rust_mozprofile1ZJYRt\\search.json.mozlz4", (void 0)))
console.warn: LoginRecipes: "getRecipes: falling back to a synchronous message for:" "http://localhost"
console.warn: LoginRecipes: "getRecipes: falling back to a synchronous message for:" "http://localhost"
1659775567609	Marionette	INFO	Stopped listening on port 49850
1659775765427	geckodriver	INFO	Listening on 127.0.0.1:51166
1659775768500	mozrunner::runner	INFO	Running command: "C:\\Program Files\\Mozilla Firefox\\firefox.exe" "--marionette" "-no-remote" "-profile" "C:\\Users\\AKOLCH~1\\AppData\\Local\\Temp\\rust_mozprofileylHiYK"
1659775768753	Marionette	INFO	Marionette enabled
1659775768758	Marionette	INFO	Listening on port 51186
Read port: 51186
1659775768988	RemoteAgent	WARN	TLS certificate errors will be ignored for this session
console.warn: SearchSettings: "get: No settings file exists, new profile?" (new NotFoundError("Could not open the file at C:\\Users\\AKOLCH~1\\AppData\\Local\\Temp\\rust_mozprofileylHiYK\\search.json.mozlz4", (void 0)))
console.warn: LoginRecipes: "getRecipes: falling back to a synchronous message for:" "http://localhost"
console.warn: LoginRecipes: "getRecipes: falling back to a synchronous message for:" "http://localhost"
JavaScript error: resource://gre/modules/LoginManagerParent.jsm, line 136: TypeError: gRecipeManager is null
console.warn: LoginRecipes: "getRecipes: falling back to a synchronous message for:" "http://localhost"
JavaScript error: resource://gre/modules/LoginManagerParent.jsm, line 136: TypeError: gRecipeManager is null
console.warn: LoginRecipes: "getRecipes: falling back to a synchronous message for:" "http://localhost"
JavaScript error: resource://gre/modules/LoginManagerParent.jsm, line 136: TypeError: gRecipeManager is null
console.warn: LoginRecipes: "getRecipes: falling back to a synchronous message for:" "http://localhost"
JavaScript error: resource://gre/modules/LoginManagerParent.jsm, line 136: TypeError: gRecipeManager is null
console.warn: LoginRecipes: "getRecipes: falling back to a synchronous message for:" "http://localhost"
JavaScript error: resource://gre/modules/LoginManagerParent.jsm, line 136: TypeError: gRecipeManager is null
console.warn: LoginRecipes: "getRecipes: falling back to a synchronous message for:" "http://localhost"
JavaScript error: resource://gre/modules/LoginManagerParent.jsm, line 136: TypeError: gRecipeManager is null
console.warn: LoginRecipes: "getRecipes: falling back to a synchronous message for:" "http://localhost"
JavaScript error: resource://gre/modules/LoginManagerParent.jsm, line 136: TypeError: gRecipeManager is null
console.warn: LoginRecipes: "getRecipes: falling back to a synchronous message for:" "http://localhost"
JavaScript error: resource://gre/modules/LoginManagerParent.jsm, line 136: TypeError: gRecipeManager is null
1659775772928	Marionette	INFO	Stopped listening on port 51186
1659776132967	geckodriver	INFO	Listening on 127.0.0.1:52140
1659776135992	mozrunner::runner	INFO	Running command: "C:\\Program Files\\Mozilla Firefox\\firefox.exe" "--marionette" "-no-remote" "-profile" "C:\\Users\\AKOLCH~1\\AppData\\Local\\Temp\\rust_mozprofileh6h0Q2"
1659776136295	Marionette	INFO	Marionette enabled
1659776136301	Marionette	INFO	Listening on port 52155
Read port: 52155
1659776136416	RemoteAgent	WARN	TLS certificate errors will be ignored for this session
console.warn: SearchSettings: "get: No settings file exists, new profile?" (new NotFoundError("Could not open the file at C:\\Users\\AKOLCH~1\\AppData\\Local\\Temp\\rust_mozprofileh6h0Q2\\search.json.mozlz4", (void 0)))
console.warn: LoginRecipes: "getRecipes: falling back to a synchronous message for:" "http://localhost"
console.warn: LoginRecipes: "getRecipes: falling back to a synchronous message for:" "http://localhost"
JavaScript error: resource://gre/modules/LoginManagerParent.jsm, line 136: TypeError: gRecipeManager is null
console.warn: LoginRecipes: "getRecipes: falling back to a synchronous message for:" "http://localhost"
JavaScript error: resource://gre/modules/LoginManagerParent.jsm, line 136: TypeError: gRecipeManager is null
console.warn: LoginRecipes: "getRecipes: falling back to a synchronous message for:" "http://localhost"
JavaScript error: resource://gre/modules/LoginManagerParent.jsm, line 136: TypeError: gRecipeManager is null
console.warn: LoginRecipes: "getRecipes: falling back to a synchronous message for:" "http://localhost"
JavaScript error: resource://gre/modules/LoginManagerParent.jsm, line 136: TypeError: gRecipeManager is null
console.warn: LoginRecipes: "getRecipes: falling back to a synchronous message for:" "http://localhost"
JavaScript error: resource://gre/modules/LoginManagerParent.jsm, line 136: TypeError: gRecipeManager is null
console.warn: LoginRecipes: "getRecipes: falling back to a synchronous message for:" "http://localhost"
JavaScript error: resource://gre/modules/LoginManagerParent.jsm, line 136: TypeError: gRecipeManager is null
console.warn: LoginRecipes: "getRecipes: falling back to a synchronous message for:" "http://localhost"
JavaScript error: resource://gre/modules/LoginManagerParent.jsm, line 136: TypeError: gRecipeManager is null
console.warn: LoginRecipes: "getRecipes: falling back to a synchronous message for:" "http://localhost"
JavaScript error: resource://gre/modules/LoginManagerParent.jsm, line 136: TypeError: gRecipeManager is null
1659776141140	Marionette	INFO	Stopped listening on port 52155
1659776236066	geckodriver	INFO	Listening on 127.0.0.1:52371
1659776239138	mozrunner::runner	INFO	Running command: "C:\\Program Files\\Mozilla Firefox\\firefox.exe" "--marionette" "-no-remote" "-profile" "C:\\Users\\AKOLCH~1\\AppData\\Local\\Temp\\rust_mozprofileztDlLH"
1659776239427	Marionette	INFO	Marionette enabled
1659776239432	Marionette	INFO	Listening on port 52386
Read port: 52386
1659776239727	RemoteAgent	WARN	TLS certificate errors will be ignored for this session
console.warn: SearchSettings: "get: No settings file exists, new profile?" (new NotFoundError("Could not open the file at C:\\Users\\AKOLCH~1\\AppData\\Local\\Temp\\rust_mozprofileztDlLH\\search.json.mozlz4", (void 0)))
console.warn: LoginRecipes: "getRecipes: falling back to a synchronous message for:" "http://localhost"
console.warn: LoginRecipes: "getRecipes: falling back to a synchronous message for:" "http://localhost"
JavaScript error: resource://gre/modules/LoginManagerParent.jsm, line 136: TypeError: gRecipeManager is null
console.warn: LoginRecipes: "getRecipes: falling back to a synchronous message for:" "http://localhost"
JavaScript error: resource://gre/modules/LoginManagerParent.jsm, line 136: TypeError: gRecipeManager is null
console.warn: LoginRecipes: "getRecipes: falling back to a synchronous message for:" "http://localhost"
JavaScript error: resource://gre/modules/LoginManagerParent.jsm, line 136: TypeError: gRecipeManager is null
console.warn: LoginRecipes: "getRecipes: falling back to a synchronous message for:" "http://localhost"
JavaScript error: resource://gre/modules/LoginManagerParent.jsm, line 136: TypeError: gRecipeManager is null
console.warn: LoginRecipes: "getRecipes: falling back to a synchronous message for:" "http://localhost"
JavaScript error: resource://gre/modules/LoginManagerParent.jsm, line 136: TypeError: gRecipeManager is null
console.warn: LoginRecipes: "getRecipes: falling back to a synchronous message for:" "http://localhost"
JavaScript error: resource://gre/modules/LoginManagerParent.jsm, line 136: TypeError: gRecipeManager is null
console.warn: LoginRecipes: "getRecipes: falling back to a synchronous message for:" "http://localhost"
JavaScript error: resource://gre/modules/LoginManagerParent.jsm, line 136: TypeError: gRecipeManager is null
console.warn: LoginRecipes: "getRecipes: falling back to a synchronous message for:" "http://localhost"
JavaScript error: resource://gre/modules/LoginManagerParent.jsm, line 136: TypeError: gRecipeManager is null
1659776243756	Marionette	INFO	Stopped listening on port 52386
1659776532928	geckodriver	INFO	Listening on 127.0.0.1:52997
1659776536015	mozrunner::runner	INFO	Running command: "C:\\Program Files\\Mozilla Firefox\\firefox.exe" "--marionette" "-no-remote" "-profile" "C:\\Users\\AKOLCH~1\\AppData\\Local\\Temp\\rust_mozprofileYP54On"
1659776536308	Marionette	INFO	Marionette enabled
1659776536314	Marionette	INFO	Listening on port 53042
Read port: 53042
1659776536602	RemoteAgent	WARN	TLS certificate errors will be ignored for this session
console.warn: SearchSettings: "get: No settings file exists, new profile?" (new NotFoundError("Could not open the file at C:\\Users\\AKOLCH~1\\AppData\\Local\\Temp\\rust_mozprofileYP54On\\search.json.mozlz4", (void 0)))
console.warn: LoginRecipes: "getRecipes: falling back to a synchronous message for:" "http://localhost"
console.warn: LoginRecipes: "getRecipes: falling back to a synchronous message for:" "http://localhost"
JavaScript error: resource://gre/modules/LoginManagerParent.jsm, line 136: TypeError: gRecipeManager is null
console.warn: LoginRecipes: "getRecipes: falling back to a synchronous message for:" "http://localhost"
JavaScript error: resource://gre/modules/LoginManagerParent.jsm, line 136: TypeError: gRecipeManager is null
console.warn: LoginRecipes: "getRecipes: falling back to a synchronous message for:" "http://localhost"
JavaScript error: resource://gre/modules/LoginManagerParent.jsm, line 136: TypeError: gRecipeManager is null
console.warn: LoginRecipes: "getRecipes: falling back to a synchronous message for:" "http://localhost"
JavaScript error: resource://gre/modules/LoginManagerParent.jsm, line 136: TypeError: gRecipeManager is null
console.warn: LoginRecipes: "getRecipes: falling back to a synchronous message for:" "http://localhost"
JavaScript error: resource://gre/modules/LoginManagerParent.jsm, line 136: TypeError: gRecipeManager is null
console.warn: LoginRecipes: "getRecipes: falling back to a synchronous message for:" "http://localhost"
JavaScript error: resource://gre/modules/LoginManagerParent.jsm, line 136: TypeError: gRecipeManager is null
console.warn: LoginRecipes: "getRecipes: falling back to a synchronous message for:" "http://localhost"
JavaScript error: resource://gre/modules/LoginManagerParent.jsm, line 136: TypeError: gRecipeManager is null
console.warn: LoginRecipes: "getRecipes: falling back to a synchronous message for:" "http://localhost"
JavaScript error: resource://gre/modules/LoginManagerParent.jsm, line 136: TypeError: gRecipeManager is null
1659776540498	Marionette	INFO	Stopped listening on port 53042
1659776781006	geckodriver	INFO	Listening on 127.0.0.1:53607
1659776784091	mozrunner::runner	INFO	Running command: "C:\\Program Files\\Mozilla Firefox\\firefox.exe" "--marionette" "-no-remote" "-profile" "C:\\Users\\AKOLCH~1\\AppData\\Local\\Temp\\rust_mozprofile4Cz7bB"
1659776784384	Marionette	INFO	Marionette enabled
1659776784388	Marionette	INFO	Listening on port 53621
Read port: 53621
1659776784608	RemoteAgent	WARN	TLS certificate errors will be ignored for this session
console.warn: SearchSettings: "get: No settings file exists, new profile?" (new NotFoundError("Could not open the file at C:\\Users\\AKOLCH~1\\AppData\\Local\\Temp\\rust_mozprofile4Cz7bB\\search.json.mozlz4", (void 0)))
console.warn: LoginRecipes: "getRecipes: falling back to a synchronous message for:" "http://localhost"
console.warn: LoginRecipes: "getRecipes: falling back to a synchronous message for:" "http://localhost"
JavaScript error: resource://gre/modules/LoginManagerParent.jsm, line 136: TypeError: gRecipeManager is null
console.warn: LoginRecipes: "getRecipes: falling back to a synchronous message for:" "http://localhost"
JavaScript error: resource://gre/modules/LoginManagerParent.jsm, line 136: TypeError: gRecipeManager is null
console.warn: LoginRecipes: "getRecipes: falling back to a synchronous message for:" "http://localhost"
JavaScript error: resource://gre/modules/LoginManagerParent.jsm, line 136: TypeError: gRecipeManager is null
console.warn: LoginRecipes: "getRecipes: falling back to a synchronous message for:" "http://localhost"
JavaScript error: resource://gre/modules/LoginManagerParent.jsm, line 136: TypeError: gRecipeManager is null
console.warn: LoginRecipes: "getRecipes: falling back to a synchronous message for:" "http://localhost"
JavaScript error: resource://gre/modules/LoginManagerParent.jsm, line 136: TypeError: gRecipeManager is null
console.warn: LoginRecipes: "getRecipes: falling back to a synchronous message for:" "http://localhost"
JavaScript error: resource://gre/modules/LoginManagerParent.jsm, line 136: TypeError: gRecipeManager is null
console.warn: LoginRecipes: "getRecipes: falling back to a synchronous message for:" "http://localhost"
JavaScript error: resource://gre/modules/LoginManagerParent.jsm, line 136: TypeError: gRecipeManager is null
console.warn: LoginRecipes: "getRecipes: falling back to a synchronous message for:" "http://localhost"
JavaScript error: resource://gre/modules/LoginManagerParent.jsm, line 136: TypeError: gRecipeManager is null
1659776788551	Marionette	INFO	Stopped listening on port 53621
